<?xml version="1.0" encoding="UTF-8"?>
<testsuite name="WizardTD.WaveTest" tests="4" skipped="0" failures="0" errors="0" timestamp="2023-10-27T11:23:00" hostname="Kayvens-MacBook-Pro-8.local" time="0.006">
  <properties/>
  <testcase name="testGetDuration()" classname="WizardTD.WaveTest" time="0.002"/>
  <testcase name="testGetQuantity()" classname="WizardTD.WaveTest" time="0.0"/>
  <testcase name="testGetPreWavePause()" classname="WizardTD.WaveTest" time="0.001"/>
  <testcase name="testGetMonstersToSpawn()" classname="WizardTD.WaveTest" time="0.001"/>
  <system-out><![CDATA[]]></system-out>
  <system-err><![CDATA[]]></system-err>
</testsuite>
