<?xml version="1.0" encoding="UTF-8"?>
<testsuite name="WizardTD.TileTest" tests="2" skipped="0" failures="0" errors="0" timestamp="2023-10-27T11:23:00" hostname="Kayvens-MacBook-Pro-8.local" time="0.009">
  <properties/>
  <testcase name="testGetters()" classname="WizardTD.TileTest" time="0.009"/>
  <testcase name="testConstructor()" classname="WizardTD.TileTest" time="0.0"/>
  <system-out><![CDATA[]]></system-out>
  <system-err><![CDATA[]]></system-err>
</testsuite>
