<?xml version="1.0" encoding="UTF-8"?>
<testsuite name="WizardTD.CellTest" tests="4" skipped="0" failures="0" errors="0" timestamp="2023-10-27T11:23:00" hostname="Kayvens-MacBook-Pro-8.local" time="0.004">
  <properties/>
  <testcase name="testBuildTower()" classname="WizardTD.CellTest" time="0.002"/>
  <testcase name="testConstruction()" classname="WizardTD.CellTest" time="0.001"/>
  <testcase name="testBuildTowerNotBuildable()" classname="WizardTD.CellTest" time="0.001"/>
  <testcase name="testSetBuildable()" classname="WizardTD.CellTest" time="0.0"/>
  <system-out><![CDATA[]]></system-out>
  <system-err><![CDATA[]]></system-err>
</testsuite>
